
Showing logs for build [32mmeta-krestomatio-container-buil-2rvv5-1[0m stage [32mmeta-pipeline[0m and container [32mcredential-initializer[0m
{"level":"info","ts":1599368344.7788577,"caller":"creds-init/main.go:44","msg":"Credentials initialized."}

Showing logs for build [32mmeta-krestomatio-container-buil-2rvv5-1[0m stage [32mmeta-pipeline[0m and container [32mworking-dir-initializer[0m

Showing logs for build [32mmeta-krestomatio-container-buil-2rvv5-1[0m stage [32mmeta-pipeline[0m and container [32mplace-tools[0m

Showing logs for build [32mmeta-krestomatio-container-buil-2rvv5-1[0m stage [32mmeta-pipeline[0m and container [32mstep-git-source-meta-krestomatio-container-buil-2rvv5-8b4vh[0m
{"level":"info","ts":1599368355.2027607,"caller":"git/git.go:105","msg":"Successfully cloned https://github.com/krestomatio/container_builder.git @ master in path /workspace/source"}
{"level":"warn","ts":1599368355.202843,"caller":"git/git.go:152","msg":"Unexpected error: creating symlink: symlink /tekton/home/.ssh /root/.ssh: file exists"}
{"level":"info","ts":1599368355.843256,"caller":"git/git.go:133","msg":"Successfully initialized and updated submodules in path /workspace/source"}

Showing logs for build [32mmeta-krestomatio-container-buil-2rvv5-1[0m stage [32mmeta-pipeline[0m and container [32mstep-setup-builder-home[0m

Showing logs for build [32mmeta-krestomatio-container-buil-2rvv5-1[0m stage [32mmeta-pipeline[0m and container [32mstep-git-merge[0m
Using SHAs from PULL_REFS=master:
WARNING: no SHAs to merge, falling back to initial cloned commit

Showing logs for build [32mmeta-krestomatio-container-buil-2rvv5-1[0m stage [32mmeta-pipeline[0m and container [32mstep-merge-pull-refs[0m
SKIP merge-pull-refs: Nothing to merge

Showing logs for build [32mmeta-krestomatio-container-buil-2rvv5-1[0m stage [32mmeta-pipeline[0m and container [32mstep-create-effective-pipeline[0m
Cloning the Jenkins X versions repo https://github.com/jenkins-x/**r-versions.git with ref refs/heads/master to /tekton/home/.**/jenkins-x-versions
Effective pipeline written to jenkins-x-effective.yml

Showing logs for build [32mmeta-krestomatio-container-buil-2rvv5-1[0m stage [32mmeta-pipeline[0m and container [32mstep-create-tekton-crds[0m
error: failed to set the version on release pipelines: no Release pipeline available
[31m
Pipeline failed on stage 'meta-pipeline' : container 'step-create-tekton-crds'. The execution of the pipeline has stopped.[0m
